Info: Generated by version: 19.2 build 57
Info: Starting: Create block symbol file (.bsf)
Info: qsys-generate /home/u204427/ternary_matmul/afu/pd/mu_afu_system/mu_afu_system.qsys --block-symbol-file --output-directory=/home/u204427/ternary_matmul/afu/pd/mu_afu_system/mu_afu_system --family="Stratix 10" --part=1SX280HN2F43E2VG
Progress: Loading mu_afu_system/mu_afu_system.qsys
Progress: Reading input file
Progress: Adding msgdma_bbb [altera_generic_component 1.0]
Progress: Parameterizing module msgdma_bbb
Progress: Adding mu_afu_csr_bridge [altera_generic_component 1.0]
Progress: Parameterizing module mu_afu_csr_bridge
Progress: Adding mu_afu_ddr4_bridge [altera_generic_component 1.0]
Progress: Parameterizing module mu_afu_ddr4_bridge
Progress: Adding mu_afu_dma_clock [altera_generic_component 1.0]
Progress: Parameterizing module mu_afu_dma_clock
Progress: Adding mu_afu_farreach_read [altera_generic_component 1.0]
Progress: Parameterizing module mu_afu_farreach_read
Progress: Adding mu_afu_farreach_write [altera_generic_component 1.0]
Progress: Parameterizing module mu_afu_farreach_write
Progress: Adding mu_afu_host_rst [altera_generic_component 1.0]
Progress: Parameterizing module mu_afu_host_rst
Progress: Adding mu_afu_id_afu [altera_generic_component 1.0]
Progress: Parameterizing module mu_afu_id_afu
Progress: Adding mu_afu_id_dma [altera_generic_component 1.0]
Progress: Parameterizing module mu_afu_id_dma
Progress: Adding mu_afu_id_matmul [altera_generic_component 1.0]
Progress: Parameterizing module mu_afu_id_matmul
Progress: Adding mu_afu_matrix_unit [altera_generic_component 1.0]
Progress: Parameterizing module mu_afu_matrix_unit
Progress: Adding mu_afu_mu_clock [altera_generic_component 1.0]
Progress: Parameterizing module mu_afu_mu_clock
Progress: Adding mu_afu_mu_ddr4a_bridge [altera_generic_component 1.0]
Progress: Parameterizing module mu_afu_mu_ddr4a_bridge
Progress: Adding mu_afu_mu_pgm_ram [altera_generic_component 1.0]
Progress: Parameterizing module mu_afu_mu_pgm_ram
Progress: Building connections
Progress: Parameterizing connections
Progress: Validating
Progress: Done reading input file
Info: qsys-generate succeeded.
Info: Finished: Create block symbol file (.bsf)
Info: 
Info: Starting: Create HDL design files for synthesis
Info: qsys-generate /home/u204427/ternary_matmul/afu/pd/mu_afu_system/mu_afu_system.qsys --synthesis=VERILOG --output-directory=/home/u204427/ternary_matmul/afu/pd/mu_afu_system/mu_afu_system --family="Stratix 10" --part=1SX280HN2F43E2VG
Progress: Loading mu_afu_system/mu_afu_system.qsys
Progress: Reading input file
Progress: Adding msgdma_bbb [altera_generic_component 1.0]
Progress: Parameterizing module msgdma_bbb
Progress: Adding mu_afu_csr_bridge [altera_generic_component 1.0]
Progress: Parameterizing module mu_afu_csr_bridge
Progress: Adding mu_afu_ddr4_bridge [altera_generic_component 1.0]
Progress: Parameterizing module mu_afu_ddr4_bridge
Progress: Adding mu_afu_dma_clock [altera_generic_component 1.0]
Progress: Parameterizing module mu_afu_dma_clock
Progress: Adding mu_afu_farreach_read [altera_generic_component 1.0]
Progress: Parameterizing module mu_afu_farreach_read
Progress: Adding mu_afu_farreach_write [altera_generic_component 1.0]
Progress: Parameterizing module mu_afu_farreach_write
Progress: Adding mu_afu_host_rst [altera_generic_component 1.0]
Progress: Parameterizing module mu_afu_host_rst
Progress: Adding mu_afu_id_afu [altera_generic_component 1.0]
Progress: Parameterizing module mu_afu_id_afu
Progress: Adding mu_afu_id_dma [altera_generic_component 1.0]
Progress: Parameterizing module mu_afu_id_dma
Progress: Adding mu_afu_id_matmul [altera_generic_component 1.0]
Progress: Parameterizing module mu_afu_id_matmul
Progress: Adding mu_afu_matrix_unit [altera_generic_component 1.0]
Progress: Parameterizing module mu_afu_matrix_unit
Progress: Adding mu_afu_mu_clock [altera_generic_component 1.0]
Progress: Parameterizing module mu_afu_mu_clock
Progress: Adding mu_afu_mu_ddr4a_bridge [altera_generic_component 1.0]
Progress: Parameterizing module mu_afu_mu_ddr4a_bridge
Progress: Adding mu_afu_mu_pgm_ram [altera_generic_component 1.0]
Progress: Parameterizing module mu_afu_mu_pgm_ram
Progress: Building connections
Progress: Parameterizing connections
Progress: Validating
Progress: Done reading input file
Info: mu_afu_system: "Transforming system: mu_afu_system"
Info: Inserting clock-crossing logic between cmd_demux.src0 and cmd_mux.sink0
Info: Inserting clock-crossing logic between rsp_demux.src0 and rsp_mux.sink0
Info: Inserting clock-crossing logic between cmd_demux.src3 and cmd_mux_003.sink0
Info: Inserting clock-crossing logic between cmd_demux.src5 and cmd_mux_005.sink0
Info: Inserting clock-crossing logic between rsp_demux_003.src0 and rsp_mux.sink3
Info: Inserting clock-crossing logic between rsp_demux_005.src0 and rsp_mux.sink5
Info: mu_afu_system: "Naming system components in system: mu_afu_system"
Info: mu_afu_system: "Processing generation queue"
Info: mu_afu_system: "Generating: mu_afu_system"
Info: mu_afu_system: "Generating: mu_afu_csr_bridge"
Info: mu_afu_system: "Generating: mu_afu_ddr4_bridge"
Info: mu_afu_system: "Generating: mu_afu_dma_clock"
Info: mu_afu_system: "Generating: mu_afu_farreach_read"
Info: mu_afu_system: "Generating: mu_afu_farreach_write"
Info: mu_afu_system: "Generating: mu_afu_host_rst"
Info: mu_afu_system: "Generating: mu_afu_id_afu"
Info: mu_afu_system: "Generating: mu_afu_id_dma"
Info: mu_afu_system: "Generating: mu_afu_id_matmul"
Info: mu_afu_system: "Generating: mu_afu_matrix_unit"
Info: mu_afu_system: "Generating: mu_afu_mu_clock"
Info: mu_afu_system: "Generating: mu_afu_mu_ddr4a_bridge"
Info: mu_afu_system: "Generating: mu_afu_mu_pgm_ram"
Info: mu_afu_system: "Generating: mu_afu_system_altera_mm_interconnect_191_klgcbhq"
Info: mu_afu_system: "Generating: mu_afu_system_altera_mm_interconnect_191_xnlky3q"
Info: mu_afu_system: "Generating: mu_afu_system_altera_mm_interconnect_191_b4phuiq"
Info: mu_afu_system: "Generating: mu_afu_system_altera_mm_interconnect_191_ttsh67i"
Info: mu_afu_system: "Generating: altera_reset_controller"
Info: mu_afu_system: "Generating: mu_afu_system_altera_merlin_master_translator_191_g7h47bq"
Info: mu_afu_system: "Generating: mu_afu_system_altera_merlin_slave_translator_191_x56fcki"
Info: mu_afu_system: "Generating: mu_afu_system_altera_merlin_master_agent_191_mpbm6tq"
Info: mu_afu_system: "Generating: mu_afu_system_altera_merlin_slave_agent_191_ncfkfri"
Info: mu_afu_system: "Generating: mu_afu_system_altera_avalon_sc_fifo_191_e5eqkcq"
Info: mu_afu_system: "Generating: mu_afu_system_altera_merlin_router_191_hkqphxi"
Info: mu_afu_system: "Generating: mu_afu_system_altera_merlin_router_191_bh3mw6y"
Info: mu_afu_system: "Generating: mu_afu_system_altera_merlin_router_191_jeqjeai"
Info: mu_afu_system: "Generating: mu_afu_system_altera_merlin_demultiplexer_191_kuuxkea"
Info: mu_afu_system: "Generating: mu_afu_system_altera_merlin_multiplexer_191_pg2skka"
Info: mu_afu_system: "Generating: mu_afu_system_altera_merlin_demultiplexer_191_ypgelei"
Info: mu_afu_system: "Generating: mu_afu_system_altera_merlin_multiplexer_191_r226kcq"
Info: mu_afu_system: "Generating: mu_afu_system_altera_merlin_width_adapter_191_croojgy"
Info: mu_afu_system: "Generating: mu_afu_system_altera_merlin_width_adapter_191_ewxmhlq"
Info: mu_afu_system: "Generating: mu_afu_system_altera_avalon_st_handshake_clock_crosser_191_qbucrri"
Info: mu_afu_system: "Generating: mu_afu_system_altera_merlin_router_191_lkqmjoq"
Info: mu_afu_system: "Generating: mu_afu_system_altera_merlin_router_191_nq2z62q"
Info: mu_afu_system: "Generating: mu_afu_system_altera_merlin_router_191_u7ysgsy"
Info: mu_afu_system: "Generating: mu_afu_system_altera_merlin_traffic_limiter_191_kcba44q"
Info: my_altera_avalon_sc_fifo_dest_id_fifo: "Generating: my_altera_avalon_sc_fifo_dest_id_fifo"
Info: my_alt_hiconnect_sc_fifo_dest_id_fifo: "Generating: my_alt_hiconnect_sc_fifo_dest_id_fifo"
Info: mu_afu_system: "Generating: mu_afu_system_altera_merlin_burst_adapter_191_7phgwai"
Info: mu_afu_system: "Generating: mu_afu_system_altera_merlin_demultiplexer_191_xl3kg5y"
Info: mu_afu_system: "Generating: mu_afu_system_altera_merlin_multiplexer_191_c6lilqy"
Info: mu_afu_system: "Generating: mu_afu_system_altera_merlin_demultiplexer_191_qi6d64a"
Info: mu_afu_system: "Generating: mu_afu_system_altera_merlin_multiplexer_191_6vqksxa"
Info: mu_afu_system: "Generating: mu_afu_system_altera_merlin_width_adapter_191_znesz2a"
Info: mu_afu_system: "Generating: mu_afu_system_altera_merlin_width_adapter_191_34t32ka"
Info: mu_afu_system: "Generating: mu_afu_system_altera_avalon_st_handshake_clock_crosser_191_zeqaxly"
Info: mu_afu_system: "Generating: mu_afu_system_altera_merlin_traffic_limiter_191_6cw75sy"
Info: mu_afu_system: "Generating: mu_afu_system_altera_merlin_traffic_limiter_191_bh7n27i"
Info: mu_afu_system: "Generating: mu_afu_system_alt_hiconnect_sc_fifo_191_7qtmpqq"
Info: mu_afu_system: Done "mu_afu_system" with 50 modules, 76 files
Info: qsys-generate succeeded.
Info: Finished: Create HDL design files for synthesis
