Info: Generated by version: 19.2 build 57
Info: Starting: Create simulation model
Info: qsys-generate /home/u204427/ternary_matmul_afu/hw/rtl/ternary_matmul/quartus_ip/div.ip --simulation=VERILOG --allow-mixed-language-simulation --output-directory=/home/u204427/ternary_matmul_afu/hw/rtl/ternary_matmul/quartus_ip/div --family="Stratix 10" --part=1SX280HN2F43E2VG
: div.lpm_divide_0: Targeting device family: Stratix 10.
Info: div: "Transforming system: div"
Info: div: "Naming system components in system: div"
Info: div: "Processing generation queue"
Info: div: "Generating: div"
Info: div: "Generating: div_lpm_divide_191_56nrcay"
Info: lpm_divide_0: Generating top-level entity div_lpm_divide_191_56nrcay.
Info: div: Done "div" with 2 modules, 2 files
Info: Generating the following file(s) for MODELSIM simulator in /home/u204427/ternary_matmul_afu/hw/rtl/ternary_matmul/quartus_ip/div/sim/ directory:
Info: 	common/modelsim_files.tcl
Info: Generating the following file(s) for VCSMX simulator in /home/u204427/ternary_matmul_afu/hw/rtl/ternary_matmul/quartus_ip/div/sim/ directory:
Info: 	common/vcsmx_files.tcl
Info: Generating the following file(s) for VCS simulator in /home/u204427/ternary_matmul_afu/hw/rtl/ternary_matmul/quartus_ip/div/sim/ directory:
Info: 	common/vcs_files.tcl
Info: Generating the following file(s) for RIVIERA simulator in /home/u204427/ternary_matmul_afu/hw/rtl/ternary_matmul/quartus_ip/div/sim/ directory:
Info: 	common/riviera_files.tcl
Info: Generating the following file(s) for NCSIM simulator in /home/u204427/ternary_matmul_afu/hw/rtl/ternary_matmul/quartus_ip/div/sim/ directory:
Info: 	common/ncsim_files.tcl
Info: Generating the following file(s) for XCELIUM simulator in /home/u204427/ternary_matmul_afu/hw/rtl/ternary_matmul/quartus_ip/div/sim/ directory:
Info: 	common/xcelium_files.tcl
Info: For information on how to simulate your IP, see the explanatory comments in the simulator-specific subdirectories under /home/u204427/ternary_matmul_afu/hw/rtl/ternary_matmul/quartus_ip/div/sim/.
Info: Regenerate these scripts whenever you make any change to any Quartus-generated IP in your project.
Info: qsys-generate succeeded.
Info: Finished: Create simulation model
Info: Starting: Create Modelsim Project.
Info: sim-script-gen --system-file=/home/u204427/ternary_matmul_afu/hw/rtl/ternary_matmul/quartus_ip/div.ip --output-directory=/home/u204427/ternary_matmul_afu/hw/rtl/ternary_matmul/quartus_ip/div/sim/ --use-relative-paths=true
Info: Generating the following file(s) for MODELSIM simulator in /home/u204427/ternary_matmul_afu/hw/rtl/ternary_matmul/quartus_ip/div/sim/ directory:
Info: 	mentor/msim_setup.tcl
Info: Generating the following file(s) for VCSMX simulator in /home/u204427/ternary_matmul_afu/hw/rtl/ternary_matmul/quartus_ip/div/sim/ directory:
Info: 	synopsys/vcsmx/synopsys_sim.setup
Info: 	synopsys/vcsmx/vcsmx_setup.sh
Info: Generating the following file(s) for VCS simulator in /home/u204427/ternary_matmul_afu/hw/rtl/ternary_matmul/quartus_ip/div/sim/ directory:
Info: 	synopsys/vcs/vcs_setup.sh
Info: Generating the following file(s) for RIVIERA simulator in /home/u204427/ternary_matmul_afu/hw/rtl/ternary_matmul/quartus_ip/div/sim/ directory:
Info: 	aldec/rivierapro_setup.tcl
Info: Generating the following file(s) for NCSIM simulator in /home/u204427/ternary_matmul_afu/hw/rtl/ternary_matmul/quartus_ip/div/sim/ directory:
Info: 	cadence/cds.lib
Info: 	cadence/hdl.var
Info: 	cadence/ncsim_setup.sh
Info: 	2 .cds.lib files in cadence/cds_libs/ directory
Info: Generating the following file(s) for XCELIUM simulator in /home/u204427/ternary_matmul_afu/hw/rtl/ternary_matmul/quartus_ip/div/sim/ directory:
Info: 	xcelium/cds.lib
Info: 	xcelium/hdl.var
Info: 	xcelium/xcelium_setup.sh
Info: 	2 .cds.lib files in xcelium/cds_libs/ directory
Info: For information on how to simulate your IP, see the explanatory comments in the simulator-specific subdirectories under /home/u204427/ternary_matmul_afu/hw/rtl/ternary_matmul/quartus_ip/div/sim/.
Info: Regenerate these scripts whenever you make any change to any Quartus-generated IP in your project.
Info: Finished: Create Modelsim Project.
Info: Starting: Create block symbol file (.bsf)
Info: qsys-generate /home/u204427/ternary_matmul_afu/hw/rtl/ternary_matmul/quartus_ip/div.ip --block-symbol-file --output-directory=/home/u204427/ternary_matmul_afu/hw/rtl/ternary_matmul/quartus_ip/div --family="Stratix 10" --part=1SX280HN2F43E2VG
: div.lpm_divide_0: Targeting device family: Stratix 10.
Info: qsys-generate succeeded.
Info: Finished: Create block symbol file (.bsf)
Info: 
Info: Starting: Create HDL design files for synthesis
Info: qsys-generate /home/u204427/ternary_matmul_afu/hw/rtl/ternary_matmul/quartus_ip/div.ip --synthesis=VERILOG --greybox --output-directory=/home/u204427/ternary_matmul_afu/hw/rtl/ternary_matmul/quartus_ip/div --family="Stratix 10" --part=1SX280HN2F43E2VG
: div.lpm_divide_0: Targeting device family: Stratix 10.
Info: Skipping generation of div: files already generated.
Info: qsys-generate succeeded.
Info: Finished: Create HDL design files for synthesis
Info: Starting: Generate IP Core Documentation
Info: No documentation filesets were found for components in div. No files generated.
Info: Finished: Generate IP Core Documentation
